<?xml version="1.0" encoding="UTF-8"?>
<!-- Generated by org.testng.reporters.JUnitXMLReporter -->
<testsuite ignored="0" hostname="MaquinaDProfe" failures="0" tests="5" name="Command line test" time="0.032" errors="0" timestamp="2022-03-31T21:56:13 PET">
  <testcase classname="lab.ManageDemandTest" name="test_AllOrdersFromPeru" time="0.003"/>
  <testcase classname="lab.ManageDemandTest" name="test_EmptyList" time="0.0"/>
  <testcase classname="lab.ManageDemandTest" name="test_NonDefinedCountries" time="0.0"/>
  <testcase classname="lab.ManageDemandTest" name="test_OrdersWithStringEmpty" time="0.0"/>
  <testcase classname="lab.ManageDemandTest" name="test_PeruOrdersCustom" time="0.0"/>
</testsuite> <!-- Command line test -->
