<?xml version="1.0" encoding="UTF-8"?>
<testsuite xmlns:xsi="http://www.w3.org/2001/XMLSchema-instance" xsi:noNamespaceSchemaLocation="https://maven.apache.org/surefire/maven-surefire-plugin/xsd/surefire-test-report.xsd" name="TestSuite" time="0.765" tests="5" errors="0" skipped="0" failures="0">
  <properties>
[...]
</properties>
  <testcase name="test_AllOrdersFromPeru" classname="lab.ManageDemandTest" time="0.013"/>
  <testcase name="test_EmptyList" classname="lab.ManageDemandTest" time="0"/>
  <testcase name="test_NonDefinedCountries" classname="lab.ManageDemandTest" time="0"/>
  <testcase name="test_OrdersWithStringEmpty" classname="lab.ManageDemandTest" time="0"/>
  <testcase name="test_PeruOrdersCustom" classname="lab.ManageDemandTest" time="0"/>
</testsuite>