<?xml version="1.0" encoding="UTF-8"?>
<testng-results ignored="0" total="4" passed="4" failed="0" skipped="0">
  <reporter-output>
  </reporter-output>
  <suite started-at="2022-03-31T21:53:42 PET" name="Command line suite" finished-at="2022-03-31T21:53:42 PET" duration-ms="30">
    <groups>
    </groups>
    <test started-at="2022-03-31T21:53:42 PET" name="Command line test" finished-at="2022-03-31T21:53:42 PET" duration-ms="30">
      <class name="lab.ManageDemandTest">
        <test-method is-config="true" signature="setup()[pri:0, instance:lab.ManageDemandTest@7a187f14]" started-at="2022-03-31T21:53:42 PET" name="setup" finished-at="2022-03-31T21:53:42 PET" duration-ms="10" status="PASS">
          <reporter-output>
          </reporter-output>
        </test-method> <!-- setup -->
        <test-method signature="test_AllOrdersFromPeru()[pri:0, instance:lab.ManageDemandTest@7a187f14]" started-at="2022-03-31T21:53:42 PET" name="test_AllOrdersFromPeru" finished-at="2022-03-31T21:53:42 PET" duration-ms="3" status="PASS">
          <reporter-output>
          </reporter-output>
        </test-method> <!-- test_AllOrdersFromPeru -->
        <test-method signature="test_EmptyList()[pri:0, instance:lab.ManageDemandTest@7a187f14]" started-at="2022-03-31T21:53:42 PET" name="test_EmptyList" finished-at="2022-03-31T21:53:42 PET" duration-ms="0" status="PASS">
          <reporter-output>
          </reporter-output>
        </test-method> <!-- test_EmptyList -->
        <test-method signature="test_PeruOrdersCustom()[pri:0, instance:lab.ManageDemandTest@7a187f14]" started-at="2022-03-31T21:53:42 PET" name="test_PeruOrdersCustom" finished-at="2022-03-31T21:53:42 PET" duration-ms="0" status="PASS">
          <reporter-output>
          </reporter-output>
        </test-method> <!-- test_PeruOrdersCustom -->
        <test-method signature="test_NonDefinedCountries()[pri:0, instance:lab.ManageDemandTest@7a187f14]" started-at="2022-03-31T21:53:42 PET" name="test_NonDefinedCountries" finished-at="2022-03-31T21:53:42 PET" duration-ms="0" status="PASS">
          <reporter-output>
          </reporter-output>
        </test-method> <!-- test_NonDefinedCountries -->
      </class> <!-- lab.ManageDemandTest -->
    </test> <!-- Command line test -->
  </suite> <!-- Command line suite -->
</testng-results>
