<?xml version="1.0" encoding="UTF-8"?>
<testng-results ignored="0" total="5" passed="5" failed="0" skipped="0">
  <reporter-output>
  </reporter-output>
  <suite started-at="2022-04-01T21:26:59 PET" name="Surefire suite" finished-at="2022-04-01T21:26:59 PET" duration-ms="93">
    <groups>
    </groups>
    <test started-at="2022-04-01T21:26:59 PET" name="Surefire test" finished-at="2022-04-01T21:26:59 PET" duration-ms="93">
      <class name="lab.ManageDemandTest">
        <test-method is-config="true" signature="setup()[pri:0, instance:lab.ManageDemandTest@31ff43be]" started-at="2022-04-01T21:26:59 PET" name="setup" finished-at="2022-04-01T21:26:59 PET" duration-ms="27" status="PASS">
          <reporter-output>
          </reporter-output>
        </test-method> <!-- setup -->
        <test-method signature="test_AllOrdersFromPeru()[pri:0, instance:lab.ManageDemandTest@31ff43be]" started-at="2022-04-01T21:26:59 PET" name="test_AllOrdersFromPeru" finished-at="2022-04-01T21:26:59 PET" duration-ms="11" status="PASS">
          <reporter-output>
          </reporter-output>
        </test-method> <!-- test_AllOrdersFromPeru -->
        <test-method signature="test_EmptyList()[pri:0, instance:lab.ManageDemandTest@31ff43be]" started-at="2022-04-01T21:26:59 PET" name="test_EmptyList" finished-at="2022-04-01T21:26:59 PET" duration-ms="1" status="PASS">
          <reporter-output>
          </reporter-output>
        </test-method> <!-- test_EmptyList -->
        <test-method signature="test_NonDefinedCountries()[pri:0, instance:lab.ManageDemandTest@31ff43be]" started-at="2022-04-01T21:26:59 PET" name="test_NonDefinedCountries" finished-at="2022-04-01T21:26:59 PET" duration-ms="0" status="PASS">
          <reporter-output>
          </reporter-output>
        </test-method> <!-- test_NonDefinedCountries -->
        <test-method signature="test_OrdersWithStringEmpty()[pri:0, instance:lab.ManageDemandTest@31ff43be]" started-at="2022-04-01T21:26:59 PET" name="test_OrdersWithStringEmpty" finished-at="2022-04-01T21:26:59 PET" duration-ms="0" status="PASS">
          <reporter-output>
          </reporter-output>
        </test-method> <!-- test_OrdersWithStringEmpty -->
        <test-method signature="test_PeruOrdersCustom()[pri:0, instance:lab.ManageDemandTest@31ff43be]" started-at="2022-04-01T21:26:59 PET" name="test_PeruOrdersCustom" finished-at="2022-04-01T21:26:59 PET" duration-ms="1" status="PASS">
          <reporter-output>
          </reporter-output>
        </test-method> <!-- test_PeruOrdersCustom -->
      </class> <!-- lab.ManageDemandTest -->
    </test> <!-- Surefire test -->
  </suite> <!-- Surefire suite -->
</testng-results>
